C51 COMPILER V9.60.7.0   DELAY                                                             03/05/2025 17:08:17 PAGE 1   


C51 COMPILER V9.60.7.0, COMPILATION OF MODULE DELAY
OBJECT MODULE PLACED IN .\Objects\Delay.obj
COMPILER INVOKED BY: C:\Keil_v5\C51\BIN\C51.EXE HAL\Delay.c OPTIMIZE(8,SPEED) BROWSE INCDIR(.\BLL;.\HAL;..\application l
                    -ayers;.\Config) DEBUG OBJECTEXTEND PRINT(.\Listings\Delay.lst) TABS(2) OBJECT(.\Objects\Delay.obj)

line level    source

   1          #include "Delay.h"
   2          
   3          
   4          void delayUsingInstruction(unsigned char c)
   5          {
   6   1          unsigned int i;
   7   1          unsigned char j;
   8   1          for(i=0;i<=3;i++)
   9   1          {
  10   2              for(j=0;j<=c;j++); 
  11   2          }
  12   1      }


MODULE INFORMATION:   STATIC OVERLAYABLE
   CODE SIZE        =     25    ----
   CONSTANT SIZE    =   ----    ----
   XDATA SIZE       =   ----    ----
   PDATA SIZE       =   ----    ----
   DATA SIZE        =   ----    ----
   IDATA SIZE       =   ----    ----
   BIT SIZE         =   ----    ----
END OF MODULE INFORMATION.


C51 COMPILATION COMPLETE.  0 WARNING(S),  0 ERROR(S)
