C51 COMPILER V9.60.7.0   INTERRUPT                                                         03/05/2025 17:08:17 PAGE 1   


C51 COMPILER V9.60.7.0, COMPILATION OF MODULE INTERRUPT
OBJECT MODULE PLACED IN .\Objects\Interrupt.obj
COMPILER INVOKED BY: C:\Keil_v5\C51\BIN\C51.EXE HAL\Interrupt.c OPTIMIZE(8,SPEED) BROWSE INCDIR(.\BLL;.\HAL;..\applicati
                    -on layers;.\Config) DEBUG OBJECTEXTEND PRINT(.\Listings\Interrupt.lst) TABS(2) OBJECT(.\Objects\Interrupt.obj)

line level    source

   1          #include "Interrupt.h"
   2          
   3          
   4          void EnableGlobalInterrupt()
   5          {
   6   1          EA = 1; 
   7   1      }
   8          
   9          void EnableTimerInterrupt()
  10          {
  11   1          ET0 = 1;
  12   1      }
  13          
  14          
  15          
  16          


MODULE INFORMATION:   STATIC OVERLAYABLE
   CODE SIZE        =      6    ----
   CONSTANT SIZE    =   ----    ----
   XDATA SIZE       =   ----    ----
   PDATA SIZE       =   ----    ----
   DATA SIZE        =   ----    ----
   IDATA SIZE       =   ----    ----
   BIT SIZE         =   ----    ----
END OF MODULE INFORMATION.


C51 COMPILATION COMPLETE.  0 WARNING(S),  0 ERROR(S)
