C51 COMPILER V9.60.7.0   KEYPADMANAGER                                                     03/05/2025 17:08:17 PAGE 1   


C51 COMPILER V9.60.7.0, COMPILATION OF MODULE KEYPADMANAGER
OBJECT MODULE PLACED IN .\Objects\KeypadManager.obj
COMPILER INVOKED BY: C:\Keil_v5\C51\BIN\C51.EXE BLL\KeypadManager.c OPTIMIZE(8,SPEED) BROWSE INCDIR(.\BLL;.\HAL;..\appli
                    -cation layers;.\Config) DEBUG OBJECTEXTEND PRINT(.\Listings\KeypadManager.lst) TABS(2) OBJECT(.\Objects\KeypadManager.ob
                    -j)

line level    source

   1          #include "KeypadManager.h"
   2          #include "Keypad.h"
   3          


MODULE INFORMATION:   STATIC OVERLAYABLE
   CODE SIZE        =   ----    ----
   CONSTANT SIZE    =   ----    ----
   XDATA SIZE       =   ----    ----
   PDATA SIZE       =   ----    ----
   DATA SIZE        =   ----    ----
   IDATA SIZE       =   ----    ----
   BIT SIZE         =   ----    ----
END OF MODULE INFORMATION.


C51 COMPILATION COMPLETE.  0 WARNING(S),  0 ERROR(S)
