C51 COMPILER V9.60.7.0   KEYPAD                                                            03/05/2025 17:08:17 PAGE 1   


C51 COMPILER V9.60.7.0, COMPILATION OF MODULE KEYPAD
OBJECT MODULE PLACED IN .\Objects\Keypad.obj
COMPILER INVOKED BY: C:\Keil_v5\C51\BIN\C51.EXE HAL\Keypad.c OPTIMIZE(8,SPEED) BROWSE INCDIR(.\BLL;.\HAL;..\application 
                    -layers;.\Config) DEBUG OBJECTEXTEND PRINT(.\Listings\Keypad.lst) TABS(2) OBJECT(.\Objects\Keypad.obj)

line level    source

   1          #include "Keypad.h"
   2          
   3          
   4          unsigned char command() {
   5   1          return 's';
   6   1      }


MODULE INFORMATION:   STATIC OVERLAYABLE
   CODE SIZE        =      3    ----
   CONSTANT SIZE    =   ----    ----
   XDATA SIZE       =   ----    ----
   PDATA SIZE       =   ----    ----
   DATA SIZE        =   ----    ----
   IDATA SIZE       =   ----    ----
   BIT SIZE         =   ----    ----
END OF MODULE INFORMATION.


C51 COMPILATION COMPLETE.  0 WARNING(S),  0 ERROR(S)
