C51 COMPILER V9.60.7.0   LCDMANAGER                                                        03/05/2025 17:08:17 PAGE 1   


C51 COMPILER V9.60.7.0, COMPILATION OF MODULE LCDMANAGER
OBJECT MODULE PLACED IN .\Objects\LCDManager.obj
COMPILER INVOKED BY: C:\Keil_v5\C51\BIN\C51.EXE BLL\LCDManager.c OPTIMIZE(8,SPEED) BROWSE INCDIR(.\BLL;.\HAL;..\applicat
                    -ion layers;.\Config) DEBUG OBJECTEXTEND PRINT(.\Listings\LCDManager.lst) TABS(2) OBJECT(.\Objects\LCDManager.obj)

line level    source

   1          #include "LCD.h"
   2          #include "LCDManager.h"
   3          
   4          void init()
   5          {
   6   1          command(0x38);  // for using 2 lines and 5X7 matrix of LCD
   7   1          delayUsingInstruction(20);
   8   1          command(0x0F);  // turn display ON, cursor blinking
   9   1          delayUsingInstruction(20);
  10   1          command(0x01);  //clear screen
  11   1          delayUsingInstruction(20);
  12   1       
  13   1      }
  14          
  15          void lcd_print(char *str) {
  16   1          while (*str) {
  17   2              write_data(*str++);
  18   2          }
  19   1      }
  20          
  21          
  22          unsigned long return_7aga(int num_digits)   
  23          {
  24   1          unsigned long result = 1;
  25   1          int i;
  26   1          for(i = 0;i<num_digits-1;i++)
  27   1          {
  28   2              result = result*10;
  29   2          }
  30   1          return result;
  31   1      }
  32          
  33          
  34          void print_result(unsigned long res)
  35          {
  36   1          if(res)
  37   1          {
  38   2              
  39   2              int num_digits = 0;
  40   2              unsigned long temp = res;
  41   2              while (temp > 0) 
  42   2              {
  43   3                  num_digits++;
  44   3                  temp /= 10;
  45   3              }
  46   2              while (num_digits >0) 
  47   2              {
  48   3                  unsigned long y = return_7aga(num_digits);
  49   3                  char z = ((res / y) + '0');
  50   3                  write_data(z);
  51   3                  res %= y;
  52   3                  num_digits--;   
  53   3              }
  54   2          }
C51 COMPILER V9.60.7.0   LCDMANAGER                                                        03/05/2025 17:08:17 PAGE 2   

  55   1          else{
  56   2              write_data('0');
  57   2          }
  58   1      }
  59          
  60          void clearLCD(){
  61   1        command(0x01);
  62   1      }


MODULE INFORMATION:   STATIC OVERLAYABLE
   CODE SIZE        =    337    ----
   CONSTANT SIZE    =   ----    ----
   XDATA SIZE       =   ----    ----
   PDATA SIZE       =   ----    ----
   DATA SIZE        =   ----      24
   IDATA SIZE       =   ----    ----
   BIT SIZE         =   ----    ----
END OF MODULE INFORMATION.


C51 COMPILATION COMPLETE.  0 WARNING(S),  0 ERROR(S)
