C51 COMPILER V9.60.7.0   MAIN                                                              03/05/2025 17:08:17 PAGE 1   


C51 COMPILER V9.60.7.0, COMPILATION OF MODULE MAIN
OBJECT MODULE PLACED IN .\Objects\Main.obj
COMPILER INVOKED BY: C:\Keil_v5\C51\BIN\C51.EXE Main.c OPTIMIZE(8,SPEED) BROWSE INCDIR(.\BLL;.\HAL;..\application layers
                    -;.\Config) DEBUG OBJECTEXTEND PRINT(.\Listings\Main.lst) TABS(2) OBJECT(.\Objects\Main.obj)

line level    source

   1          
   2          #include "KeypadManager.h"
   3          #include "LCDManager.h"
   4          #include "InterruptManager.h"
   5          
   6          unsigned int last_frequency = 0;
   7          unsigned int FREQUENCY = 0;
   8          unsigned int PULSE_COUNT = 0;
   9          
  10          void main(){
  11   1        
  12   1        init();  // Initialize LCD
  13   1        setup_timers();
  14   1        while (1) 
  15   1          { 
  16   2            if (FREQUENCY != last_frequency) // To avoid keep uptading the LCD
  17   2            {
  18   3                clearLCD();
  19   3                lcd_print(" Freq : ");
  20   3                print_result(FREQUENCY);
  21   3                lcd_print("Hz");
  22   3            }
  23   2            last_frequency = FREQUENCY; 
  24   2          }
  25   1        
  26   1      }


MODULE INFORMATION:   STATIC OVERLAYABLE
   CODE SIZE        =     57    ----
   CONSTANT SIZE    =     12    ----
   XDATA SIZE       =   ----    ----
   PDATA SIZE       =   ----    ----
   DATA SIZE        =      6    ----
   IDATA SIZE       =   ----    ----
   BIT SIZE         =   ----    ----
END OF MODULE INFORMATION.


C51 COMPILATION COMPLETE.  0 WARNING(S),  0 ERROR(S)
