C51 COMPILER V9.60.7.0   TIMER                                                             03/05/2025 17:08:17 PAGE 1   


C51 COMPILER V9.60.7.0, COMPILATION OF MODULE TIMER
OBJECT MODULE PLACED IN .\Objects\Timer.obj
COMPILER INVOKED BY: C:\Keil_v5\C51\BIN\C51.EXE HAL\Timer.c OPTIMIZE(8,SPEED) BROWSE INCDIR(.\BLL;.\HAL;..\application l
                    -ayers;.\Config) DEBUG OBJECTEXTEND PRINT(.\Listings\Timer.lst) TABS(2) OBJECT(.\Objects\Timer.obj)

line level    source

   1          #include "Timer.h"
   2          
   3          
   4          void Timer0_Init(unsigned char TM,unsigned char TH,unsigned char TL) {
   5   1          TMOD |= TM; 
   6   1          TH0 = TH; 
   7   1          TL0 = TL;
   8   1      }
   9          
  10          void Timer1_Init(unsigned char TM,unsigned char TH,unsigned char TL) {
  11   1          TMOD |= TM; 
  12   1          TH1 = TH;  
  13   1          TL1 = TL;
  14   1      }
  15          
  16          void Timer0_Start() {
  17   1          TR0 = 1; 
  18   1      }
  19          
  20          void Timer1_Start() {
  21   1          TR1 = 1;
  22   1      }
  23          
  24          void Timer0_Stop() {
  25   1          TR0 = 0;  
  26   1      }
  27          
  28          void Timer1_Stop() {
  29   1          TR1 = 0; 
  30   1      }


MODULE INFORMATION:   STATIC OVERLAYABLE
   CODE SIZE        =     28    ----
   CONSTANT SIZE    =   ----    ----
   XDATA SIZE       =   ----    ----
   PDATA SIZE       =   ----    ----
   DATA SIZE        =   ----    ----
   IDATA SIZE       =   ----    ----
   BIT SIZE         =   ----    ----
END OF MODULE INFORMATION.


C51 COMPILATION COMPLETE.  0 WARNING(S),  0 ERROR(S)
